<?xml version="1.0" encoding="UTF-8"?>
<testsuite xmlns:xsi="http://www.w3.org/2001/XMLSchema-instance" xsi:noNamespaceSchemaLocation="https://maven.apache.org/surefire/maven-surefire-plugin/xsd/surefire-test-report.xsd" name="com.example.web.LoginControllerTest" time="0.52" tests="2" errors="0" skipped="0" failures="0">
  <properties>
    <property name="sun.desktop" value="windows"/>
    <property name="awt.toolkit" value="sun.awt.windows.WToolkit"/>
    <property name="file.encoding.pkg" value="sun.io"/>
    <property name="java.specification.version" value="1.8"/>
    <property name="sun.cpu.isalist" value="amd64"/>
    <property name="sun.jnu.encoding" value="GBK"/>
    <property name="java.class.path" value="E:\学习\06大三下\服务端开发\作业\section1\target\test-classes;E:\学习\06大三下\服务端开发\作业\section1\target\classes;C:\Users\ThinkPad\.m2\repository\org\springframework\spring-beans\4.0.7.RELEASE\spring-beans-4.0.7.RELEASE.jar;C:\Users\ThinkPad\.m2\repository\org\springframework\spring-core\4.0.7.RELEASE\spring-core-4.0.7.RELEASE.jar;C:\Users\ThinkPad\.m2\repository\commons-logging\commons-logging\1.1.3\commons-logging-1.1.3.jar;C:\Users\ThinkPad\.m2\repository\org\springframework\spring-jdbc\4.0.7.RELEASE\spring-jdbc-4.0.7.RELEASE.jar;C:\Users\ThinkPad\.m2\repository\org\springframework\spring-tx\4.0.7.RELEASE\spring-tx-4.0.7.RELEASE.jar;C:\Users\ThinkPad\.m2\repository\org\springframework\spring-web\4.0.7.RELEASE\spring-web-4.0.7.RELEASE.jar;C:\Users\ThinkPad\.m2\repository\org\springframework\spring-aop\4.0.7.RELEASE\spring-aop-4.0.7.RELEASE.jar;C:\Users\ThinkPad\.m2\repository\aopalliance\aopalliance\1.0\aopalliance-1.0.jar;C:\Users\ThinkPad\.m2\repository\org\springframework\spring-context\4.0.7.RELEASE\spring-context-4.0.7.RELEASE.jar;C:\Users\ThinkPad\.m2\repository\org\springframework\spring-webmvc\4.0.7.RELEASE\spring-webmvc-4.0.7.RELEASE.jar;C:\Users\ThinkPad\.m2\repository\org\springframework\spring-expression\4.0.7.RELEASE\spring-expression-4.0.7.RELEASE.jar;C:\Users\ThinkPad\.m2\repository\mysql\mysql-connector-java\5.1.6\mysql-connector-java-5.1.6.jar;C:\Users\ThinkPad\.m2\repository\commons-dbcp\commons-dbcp\1.2.2\commons-dbcp-1.2.2.jar;C:\Users\ThinkPad\.m2\repository\commons-pool\commons-pool\1.3\commons-pool-1.3.jar;C:\Users\ThinkPad\.m2\repository\org\aspectj\aspectjweaver\1.6.9\aspectjweaver-1.6.9.jar;C:\Users\ThinkPad\.m2\repository\org\apache\commons\com.springsource.org.apache.commons.logging\1.1.1\com.springsource.org.apache.commons.logging-1.1.1.jar;C:\Users\ThinkPad\.m2\repository\net\sourceforge\cglib\com.springsource.net.sf.cglib\2.1.3\com.springsource.net.sf.cglib-2.1.3.jar;C:\Users\ThinkPad\.m2\repository\javax\servlet\jsp\jsp-api\2.1\jsp-api-2.1.jar;C:\Users\ThinkPad\.m2\repository\taglibs\standard\1.1.2\standard-1.1.2.jar;C:\Users\ThinkPad\.m2\repository\javax\servlet\javax.servlet-api\3.1.0\javax.servlet-api-3.1.0.jar;C:\Users\ThinkPad\.m2\repository\javax\servlet\jstl\1.2\jstl-1.2.jar;C:\Users\ThinkPad\.m2\repository\junit\junit\4.11\junit-4.11.jar;C:\Users\ThinkPad\.m2\repository\org\hamcrest\hamcrest-core\1.3\hamcrest-core-1.3.jar;C:\Users\ThinkPad\.m2\repository\org\mockito\mockito-core\1.9.5\mockito-core-1.9.5.jar;C:\Users\ThinkPad\.m2\repository\org\objenesis\objenesis\1.0\objenesis-1.0.jar;C:\Users\ThinkPad\.m2\repository\org\springframework\spring-test\4.0.7.RELEASE\spring-test-4.0.7.RELEASE.jar;C:\Users\ThinkPad\.m2\repository\org\hamcrest\hamcrest-library\1.3\hamcrest-library-1.3.jar;"/>
    <property name="java.vm.vendor" value="Oracle Corporation"/>
    <property name="sun.arch.data.model" value="64"/>
    <property name="user.variant" value=""/>
    <property name="java.vendor.url" value="http://java.oracle.com/"/>
    <property name="user.timezone" value="Asia/Shanghai"/>
    <property name="java.vm.specification.version" value="1.8"/>
    <property name="os.name" value="Windows 10"/>
    <property name="user.country" value="CN"/>
    <property name="sun.java.launcher" value="SUN_STANDARD"/>
    <property name="sun.boot.library.path" value="C:\Program Files\Java\jdk1.8.0_191\jre\bin"/>
    <property name="sun.java.command" value="C:\Users\ThinkPad\AppData\Local\Temp\surefire316993457778776319\surefirebooter4219242371225526617.jar C:\Users\ThinkPad\AppData\Local\Temp\surefire316993457778776319 2021-03-02T15-04-07_186-jvmRun1 surefire1594565022516696242tmp surefire_0392949588105214394tmp"/>
    <property name="surefire.test.class.path" value="E:\学习\06大三下\服务端开发\作业\section1\target\test-classes;E:\学习\06大三下\服务端开发\作业\section1\target\classes;C:\Users\ThinkPad\.m2\repository\org\springframework\spring-beans\4.0.7.RELEASE\spring-beans-4.0.7.RELEASE.jar;C:\Users\ThinkPad\.m2\repository\org\springframework\spring-core\4.0.7.RELEASE\spring-core-4.0.7.RELEASE.jar;C:\Users\ThinkPad\.m2\repository\commons-logging\commons-logging\1.1.3\commons-logging-1.1.3.jar;C:\Users\ThinkPad\.m2\repository\org\springframework\spring-jdbc\4.0.7.RELEASE\spring-jdbc-4.0.7.RELEASE.jar;C:\Users\ThinkPad\.m2\repository\org\springframework\spring-tx\4.0.7.RELEASE\spring-tx-4.0.7.RELEASE.jar;C:\Users\ThinkPad\.m2\repository\org\springframework\spring-web\4.0.7.RELEASE\spring-web-4.0.7.RELEASE.jar;C:\Users\ThinkPad\.m2\repository\org\springframework\spring-aop\4.0.7.RELEASE\spring-aop-4.0.7.RELEASE.jar;C:\Users\ThinkPad\.m2\repository\aopalliance\aopalliance\1.0\aopalliance-1.0.jar;C:\Users\ThinkPad\.m2\repository\org\springframework\spring-context\4.0.7.RELEASE\spring-context-4.0.7.RELEASE.jar;C:\Users\ThinkPad\.m2\repository\org\springframework\spring-webmvc\4.0.7.RELEASE\spring-webmvc-4.0.7.RELEASE.jar;C:\Users\ThinkPad\.m2\repository\org\springframework\spring-expression\4.0.7.RELEASE\spring-expression-4.0.7.RELEASE.jar;C:\Users\ThinkPad\.m2\repository\mysql\mysql-connector-java\5.1.6\mysql-connector-java-5.1.6.jar;C:\Users\ThinkPad\.m2\repository\commons-dbcp\commons-dbcp\1.2.2\commons-dbcp-1.2.2.jar;C:\Users\ThinkPad\.m2\repository\commons-pool\commons-pool\1.3\commons-pool-1.3.jar;C:\Users\ThinkPad\.m2\repository\org\aspectj\aspectjweaver\1.6.9\aspectjweaver-1.6.9.jar;C:\Users\ThinkPad\.m2\repository\org\apache\commons\com.springsource.org.apache.commons.logging\1.1.1\com.springsource.org.apache.commons.logging-1.1.1.jar;C:\Users\ThinkPad\.m2\repository\net\sourceforge\cglib\com.springsource.net.sf.cglib\2.1.3\com.springsource.net.sf.cglib-2.1.3.jar;C:\Users\ThinkPad\.m2\repository\javax\servlet\jsp\jsp-api\2.1\jsp-api-2.1.jar;C:\Users\ThinkPad\.m2\repository\taglibs\standard\1.1.2\standard-1.1.2.jar;C:\Users\ThinkPad\.m2\repository\javax\servlet\javax.servlet-api\3.1.0\javax.servlet-api-3.1.0.jar;C:\Users\ThinkPad\.m2\repository\javax\servlet\jstl\1.2\jstl-1.2.jar;C:\Users\ThinkPad\.m2\repository\junit\junit\4.11\junit-4.11.jar;C:\Users\ThinkPad\.m2\repository\org\hamcrest\hamcrest-core\1.3\hamcrest-core-1.3.jar;C:\Users\ThinkPad\.m2\repository\org\mockito\mockito-core\1.9.5\mockito-core-1.9.5.jar;C:\Users\ThinkPad\.m2\repository\org\objenesis\objenesis\1.0\objenesis-1.0.jar;C:\Users\ThinkPad\.m2\repository\org\springframework\spring-test\4.0.7.RELEASE\spring-test-4.0.7.RELEASE.jar;C:\Users\ThinkPad\.m2\repository\org\hamcrest\hamcrest-library\1.3\hamcrest-library-1.3.jar;"/>
    <property name="sun.cpu.endian" value="little"/>
    <property name="user.home" value="C:\Users\ThinkPad"/>
    <property name="user.language" value="zh"/>
    <property name="java.specification.vendor" value="Oracle Corporation"/>
    <property name="java.home" value="C:\Program Files\Java\jdk1.8.0_191\jre"/>
    <property name="basedir" value="E:\学习\06大三下\服务端开发\作业\section1"/>
    <property name="file.separator" value="\"/>
    <property name="line.separator" value="&#10;"/>
    <property name="java.vm.specification.vendor" value="Oracle Corporation"/>
    <property name="java.specification.name" value="Java Platform API Specification"/>
    <property name="java.awt.graphicsenv" value="sun.awt.Win32GraphicsEnvironment"/>
    <property name="surefire.real.class.path" value="C:\Users\ThinkPad\AppData\Local\Temp\surefire316993457778776319\surefirebooter4219242371225526617.jar"/>
    <property name="sun.boot.class.path" value="C:\Program Files\Java\jdk1.8.0_191\jre\lib\resources.jar;C:\Program Files\Java\jdk1.8.0_191\jre\lib\rt.jar;C:\Program Files\Java\jdk1.8.0_191\jre\lib\sunrsasign.jar;C:\Program Files\Java\jdk1.8.0_191\jre\lib\jsse.jar;C:\Program Files\Java\jdk1.8.0_191\jre\lib\jce.jar;C:\Program Files\Java\jdk1.8.0_191\jre\lib\charsets.jar;C:\Program Files\Java\jdk1.8.0_191\jre\lib\jfr.jar;C:\Program Files\Java\jdk1.8.0_191\jre\classes"/>
    <property name="user.script" value=""/>
    <property name="sun.management.compiler" value="HotSpot 64-Bit Tiered Compilers"/>
    <property name="java.runtime.version" value="1.8.0_191-b12"/>
    <property name="user.name" value="ThinkPad"/>
    <property name="path.separator" value=";"/>
    <property name="os.version" value="10.0"/>
    <property name="java.endorsed.dirs" value="C:\Program Files\Java\jdk1.8.0_191\jre\lib\endorsed"/>
    <property name="java.runtime.name" value="Java(TM) SE Runtime Environment"/>
    <property name="file.encoding" value="GBK"/>
    <property name="java.vm.name" value="Java HotSpot(TM) 64-Bit Server VM"/>
    <property name="localRepository" value="C:\Users\ThinkPad\.m2\repository"/>
    <property name="java.vendor.url.bug" value="http://bugreport.sun.com/bugreport/"/>
    <property name="java.io.tmpdir" value="C:\Users\ThinkPad\AppData\Local\Temp\"/>
    <property name="idea.version" value="2020.2.3"/>
    <property name="java.version" value="1.8.0_191"/>
    <property name="user.dir" value="E:\学习\06大三下\服务端开发\作业\section1"/>
    <property name="os.arch" value="amd64"/>
    <property name="java.vm.specification.name" value="Java Virtual Machine Specification"/>
    <property name="java.awt.printerjob" value="sun.awt.windows.WPrinterJob"/>
    <property name="sun.os.patch.level" value=""/>
    <property name="java.library.path" value="C:\Program Files\Java\jdk1.8.0_191\jre\bin;C:\WINDOWS\Sun\Java\bin;C:\WINDOWS\system32;C:\WINDOWS;C:\Program Files (x86)\NetSarang\Xshell 6\;C:\Program Files\Java\jdk-11\bin;C:\Program Files\Java\jdk1.8.0_191\bin;C:\Program Files (x86)\Common Files\Oracle\Java\javapath;C:\Program Files\Intel\iCLS Client\;C:\Windows\system32;C:\Windows;C:\Windows\System32\Wbem;C:\Windows\System32\WindowsPowerShell\v1.0\;C:\Program Files (x86)\NVIDIA Corporation\PhysX\Common;C:\Program Files (x86)\Intel\Intel(R) Management Engine Components\DAL;C:\Program Files\Intel\Intel(R) Management Engine Components\DAL;C:\Program Files (x86)\Intel\Intel(R) Management Engine Components\IPT;C:\Program Files\Intel\Intel(R) Management Engine Components\IPT;C:\MinGW\bin;%SystemRoo;%\system32;C:\WINDOWS;C:\WINDOWS\System32\Wbem;C:\WINDOWS\System32\WindowsPowerShell\v1.0\;C:\WINDOWS\System32\OpenSSH\;C:\Program Files\Git\cmd;C:\WINDOWS\system32;C:\Program Files\Intel\WiFi\bin\;C:\Program Files\Common Files\Intel\WirelessCommon\;C:\texlive\2019\bin\win32;C:\Program Files\nodejs\;C:\Program Files\JetBrains\maven\apache-maven-3.6.3-bin\apache-maven-3.6.3\bin;C:\ffmpeg\bin;C:\Program Files (x86)\scala\bin;C:\Program Files (x86)\scala\bin;C:\Program Files (x86)\scala\jre\bin;C:\Program Files\Tesseract-OCR;C:\Users\ThinkPad\AppData\Local\bin\NASM;C:\Program Files (x86)\Windows Kits\10\Windows Performance Toolkit\;C:\Program Files (x86)\Graphviz2.38\bin\gvedit.exe;C:\Program Files (x86)\Graphviz2.38\bin\dot.exe;C:\Program Files (x86)\Microsoft SQL Server\100\Tools\Binn\;C:\Program Files\Microsoft SQL Server\100\Tools\Binn\;C:\Program Files\Microsoft SQL Server\100\DTS\Binn\;C:\Program Files (x86)\Microsoft SQL Server\100\Tools\Binn\VSShell\Common7\IDE\;C:\Program Files (x86)\Microsoft Visual Studio 9.0\Common7\IDE\PrivateAssemblies\;C:\Program Files (x86)\Microsoft SQL Server\100\DTS\Binn\;C:\Users\ThinkPad\Anaconda3;C:\Users\ThinkPad\Anaconda3\Library\mingw-w64\bin;C:\Users\ThinkPad\Anaconda3\Library\usr\bin;C:\Users\ThinkPad\Anaconda3\Library\bin;C:\Users\ThinkPad\Anaconda3\Scripts;C:\Users\ThinkPad\AppData\Local\Programs\Python\Python37\Scripts\;C:\Users\ThinkPad\AppData\Local\Programs\Python\Python37\;C:\Users\ThinkPad\AppData\Local\Microsoft\WindowsApps;C:\Program Files\Java\jdk1.8.0_191\bin;C:\Program Files\Bandizip\;C:\Program Files\JetBrains\IntelliJ IDEA 2019.3.4\bin;C:\Program Files\JetBrains\WebStorm 2019.3.4\bin;C:\Program Files\JetBrains\PyCharm 2019.3.4\bin;C:\Users\ThinkPad\AppData\Roaming\npm;C:\Users\ThinkPad\AppData\Local\Programs\Fiddler;C:\Users\ThinkPad\AppData\Local\Programs\Microsoft VS Code\bin;C:\Users\ThinkPad\AppData\Local\GitHubDesktop\bin;C:\Program Files\JetBrains\IntelliJ IDEA 2020.2.3\bin;;C:\Program Files (x86)\Graphviz2.38\bin;;C:\Program Files\JetBrains\WebStorm 2020.3\bin;;C:\Program Files\JetBrains\PyCharm 2020.3\bin;;C:\Users\ThinkPad\AppData\Local\Microsoft\WindowsApps;."/>
    <property name="java.vm.info" value="mixed mode"/>
    <property name="java.vendor" value="Oracle Corporation"/>
    <property name="java.vm.version" value="25.191-b12"/>
    <property name="java.ext.dirs" value="C:\Program Files\Java\jdk1.8.0_191\jre\lib\ext;C:\WINDOWS\Sun\Java\lib\ext"/>
    <property name="sun.io.unicode.encoding" value="UnicodeLittle"/>
    <property name="java.class.version" value="52.0"/>
  </properties>
  <testcase name="loginFail" classname="com.example.web.LoginControllerTest" time="0.505"/>
  <testcase name="loginSuccess" classname="com.example.web.LoginControllerTest" time="0.015"/>
</testsuite>